<?xml version="1.0" encoding="UTF-8" standalone="no"?>
<testsuite failures="0" name="cucumber.runtime.formatter.JUnitFormatter" skipped="0" tests="2" time="47.288191">
<testcase classname="To test knowledge base option functioanlity" name="Verify knowledge base option" time="24.903792">
<system-out><![CDATA[Given Verify customer loggedin..............................................passed
When user clicks on knowledge base and sdafe option.........................passed
Then user selects Parent node and node type from tree node..................passed
Then user enters "Okay" and clicks on save button...........................passed
]]></system-out>
</testcase>
<testcase classname="To test knowledge base option functioanlity" name="Verify knowledge base option 2" time="22.384399">
<system-out><![CDATA[Given Verify customer loggedin..............................................passed
When user clicks on knowledge base and sdafe option.........................passed
Then user selects Parent node and node type from tree node..................passed
Then user enters "Fine" and clicks on save button...........................passed
]]></system-out>
</testcase>
</testsuite>
